# JRE version: OpenJDK Runtime Environment Temurin-21.0.9+10 (21.0.9+10) (build 21.0.9+10-LTS)
# Java VM: OpenJDK 64-Bit Server VM Temurin-21.0.9+10 (21.0.9+10-LTS, mixed mode, sharing, tiered, compressed oops, compressed class ptrs, parallel gc, windows-amd64)
GC Precious Log:
 CardTable entry size: 512
 CPUs: 4 total, 4 available
 Memory: 3989M
 Large Page Support: Disabled
 NUMA Support: Disabled
 Compressed Oops: Enabled (32-bit)
 Alignments: Space 512K, Generation 512K, Heap 2M
 Heap Min Capacity: 100M
 Heap Initial Capacity: 100M
 Heap Max Capacity: 2G
 Pre-touch: Disabled
 Parallel Workers: 4
Heap:
 PSYoungGen      total 6144K, used 4236K [0x00000000d5580000, 0x00000000d5d00000, 0x0000000100000000)
  eden space 5120K, 63% used [0x00000000d5580000,0x00000000d58b3020,0x00000000d5a80000)
  from space 1024K, 93% used [0x00000000d5b00000,0x00000000d5bf0000,0x00000000d5c00000)
  to   space 1024K, 0% used [0x00000000d5c00000,0x00000000d5c00000,0x00000000d5d00000)
 ParOldGen       total 92160K, used 91879K [0x0000000080000000, 0x0000000085a00000, 0x00000000d5580000)
  object space 92160K, 99% used [0x0000000080000000,0x00000000859b9d98,0x0000000085a00000)
 Metaspace       used 72370K, committed 73856K, reserved 1179648K
  class space    used 7623K, committed 8320K, reserved 1048576K
GC Heap History (20 events):
Event: 148.717 GC heap before
{Heap before GC invocations=185 (full 3):
 PSYoungGen      total 5632K, used 5317K [0x00000000d5580000, 0x00000000d5d00000, 0x0000000100000000)
  eden space 5120K, 100% used [0x00000000d5580000,0x00000000d5a80000,0x00000000d5a80000)
  from space 512K, 38% used [0x00000000d5c00000,0x00000000d5c315d8,0x00000000d5c80000)
  to   space 512K, 0% used [0x00000000d5c80000,0x00000000d5c80000,0x00000000d5d00000)
 ParOldGen       total 89600K, used 89470K [0x0000000080000000, 0x0000000085780000, 0x00000000d5580000)
  object space 89600K, 99% used [0x0000000080000000,0x000000008575f9a8,0x0000000085780000)
 Metaspace       used 71068K, committed 72576K, reserved 1114112K
  class space    used 7471K, committed 8192K, reserved 1048576K
}
Event: 148.724 GC heap after
{Heap after GC invocations=185 (full 3):
 PSYoungGen      total 5632K, used 457K [0x00000000d5580000, 0x00000000d5d00000, 0x0000000100000000)
  eden space 5120K, 0% used [0x00000000d5580000,0x00000000d5580000,0x00000000d5a80000)
  from space 512K, 89% used [0x00000000d5c80000,0x00000000d5cf2518,0x00000000d5d00000)
  to   space 512K, 0% used [0x00000000d5c00000,0x00000000d5c00000,0x00000000d5c80000)
 ParOldGen       total 89600K, used 89542K [0x0000000080000000, 0x0000000085780000, 0x00000000d5580000)
  object space 89600K, 99% used [0x0000000080000000,0x00000000857719a8,0x0000000085780000)
 Metaspace       used 71068K, committed 72576K, reserved 1114112K
  class space    used 7471K, committed 8192K, reserved 1048576K
}
Event: 148.806 GC heap before
{Heap before GC invocations=186 (full 3):
 PSYoungGen      total 5632K, used 5567K [0x00000000d5580000, 0x00000000d5d00000, 0x0000000100000000)
  eden space 5120K, 99% used [0x00000000d5580000,0x00000000d5a7d808,0x00000000d5a80000)
  from space 512K, 89% used [0x00000000d5c80000,0x00000000d5cf2518,0x00000000d5d00000)
  to   space 512K, 0% used [0x00000000d5c00000,0x00000000d5c00000,0x00000000d5c80000)
 ParOldGen       total 89600K, used 89542K [0x0000000080000000, 0x0000000085780000, 0x00000000d5580000)
  object space 89600K, 99% used [0x0000000080000000,0x00000000857719a8,0x0000000085780000)
 Metaspace       used 71077K, committed 72576K, reserved 1114112K
  class space    used 7471K, committed 8192K, reserved 1048576K
}
Event: 148.809 GC heap after
{Heap after GC invocations=186 (full 3):
 PSYoungGen      total 5632K, used 296K [0x00000000d5580000, 0x00000000d5d00000, 0x0000000100000000)
  eden space 5120K, 0% used [0x00000000d5580000,0x00000000d5580000,0x00000000d5a80000)
  from space 512K, 57% used [0x00000000d5c00000,0x00000000d5c4a010,0x00000000d5c80000)
  to   space 512K, 0% used [0x00000000d5c80000,0x00000000d5c80000,0x00000000d5d00000)
 ParOldGen       total 90112K, used 89826K [0x0000000080000000, 0x0000000085800000, 0x00000000d5580000)
  object space 90112K, 99% used [0x0000000080000000,0x00000000857b8ba8,0x0000000085800000)
 Metaspace       used 71077K, committed 72576K, reserved 1114112K
  class space    used 7471K, committed 8192K, reserved 1048576K
}
Event: 148.890 GC heap before
{Heap before GC invocations=187 (full 3):
 PSYoungGen      total 5632K, used 5406K [0x00000000d5580000, 0x00000000d5d00000, 0x0000000100000000)
  eden space 5120K, 99% used [0x00000000d5580000,0x00000000d5a7da00,0x00000000d5a80000)
  from space 512K, 57% used [0x00000000d5c00000,0x00000000d5c4a010,0x00000000d5c80000)
  to   space 512K, 0% used [0x00000000d5c80000,0x00000000d5c80000,0x00000000d5d00000)
 ParOldGen       total 90112K, used 89826K [0x0000000080000000, 0x0000000085800000, 0x00000000d5580000)
  object space 90112K, 99% used [0x0000000080000000,0x00000000857b8ba8,0x0000000085800000)
 Metaspace       used 71081K, committed 72576K, reserved 1114112K
  class space    used 7471K, committed 8192K, reserved 1048576K
}
Event: 148.892 GC heap after
{Heap after GC invocations=187 (full 3):
 PSYoungGen      total 5632K, used 503K [0x00000000d5580000, 0x00000000d5d00000, 0x0000000100000000)
  eden space 5120K, 0% used [0x00000000d5580000,0x00000000d5580000,0x00000000d5a80000)
  from space 512K, 98% used [0x00000000d5c80000,0x00000000d5cfded8,0x00000000d5d00000)
  to   space 1024K, 0% used [0x00000000d5b00000,0x00000000d5b00000,0x00000000d5c00000)
 ParOldGen       total 90112K, used 89970K [0x0000000080000000, 0x0000000085800000, 0x00000000d5580000)
  object space 90112K, 99% used [0x0000000080000000,0x00000000857dcba8,0x0000000085800000)
 Metaspace       used 71081K, committed 72576K, reserved 1114112K
  class space    used 7471K, committed 8192K, reserved 1048576K
}
Event: 149.447 GC heap before
{Heap before GC invocations=188 (full 3):
 PSYoungGen      total 5632K, used 5446K [0x00000000d5580000, 0x00000000d5d00000, 0x0000000100000000)
  eden space 5120K, 96% used [0x00000000d5580000,0x00000000d5a53b98,0x00000000d5a80000)
  from space 512K, 98% used [0x00000000d5c80000,0x00000000d5cfded8,0x00000000d5d00000)
  to   space 1024K, 0% used [0x00000000d5b00000,0x00000000d5b00000,0x00000000d5c00000)
 ParOldGen       total 90112K, used 89970K [0x0000000080000000, 0x0000000085800000, 0x00000000d5580000)
  object space 90112K, 99% used [0x0000000080000000,0x00000000857dcba8,0x0000000085800000)
 Metaspace       used 71110K, committed 72576K, reserved 1114112K
  class space    used 7473K, committed 8192K, reserved 1048576K
}
Event: 149.450 GC heap after
{Heap after GC invocations=188 (full 3):
 PSYoungGen      total 6144K, used 128K [0x00000000d5580000, 0x00000000d5d00000, 0x0000000100000000)
  eden space 5120K, 0% used [0x00000000d5580000,0x00000000d5580000,0x00000000d5a80000)
  from space 1024K, 12% used [0x00000000d5b00000,0x00000000d5b20000,0x00000000d5c00000)
  to   space 512K, 0% used [0x00000000d5c80000,0x00000000d5c80000,0x00000000d5d00000)
 ParOldGen       total 90112K, used 90010K [0x0000000080000000, 0x0000000085800000, 0x00000000d5580000)
  object space 90112K, 99% used [0x0000000080000000,0x00000000857e6ba8,0x0000000085800000)
 Metaspace       used 71110K, committed 72576K, reserved 1114112K
  class space    used 7473K, committed 8192K, reserved 1048576K
}
Event: 150.025 GC heap before
{Heap before GC invocations=189 (full 3):
 PSYoungGen      total 6144K, used 5239K [0x00000000d5580000, 0x00000000d5d00000, 0x0000000100000000)
  eden space 5120K, 99% used [0x00000000d5580000,0x00000000d5a7dfe0,0x00000000d5a80000)
  from space 1024K, 12% used [0x00000000d5b00000,0x00000000d5b20000,0x00000000d5c00000)
  to   space 512K, 0% used [0x00000000d5c80000,0x00000000d5c80000,0x00000000d5d00000)
 ParOldGen       total 90112K, used 90010K [0x0000000080000000, 0x0000000085800000, 0x00000000d5580000)
  object space 90112K, 99% used [0x0000000080000000,0x00000000857e6ba8,0x0000000085800000)
 Metaspace       used 71150K, committed 72640K, reserved 1114112K
  class space    used 7474K, committed 8192K, reserved 1048576K
}
Event: 150.027 GC heap after
{Heap after GC invocations=189 (full 3):
 PSYoungGen      total 5632K, used 500K [0x00000000d5580000, 0x00000000d5d00000, 0x0000000100000000)
  eden space 5120K, 0% used [0x00000000d5580000,0x00000000d5580000,0x00000000d5a80000)
  from space 512K, 97% used [0x00000000d5c80000,0x00000000d5cfd260,0x00000000d5d00000)
  to   space 1024K, 0% used [0x00000000d5b00000,0x00000000d5b00000,0x00000000d5c00000)
 ParOldGen       total 91136K, used 90831K [0x0000000080000000, 0x0000000085900000, 0x00000000d5580000)
  object space 91136K, 99% used [0x0000000080000000,0x00000000858b3d58,0x0000000085900000)
 Metaspace       used 71150K, committed 72640K, reserved 1114112K
  class space    used 7474K, committed 8192K, reserved 1048576K
}
Event: 150.105 GC heap before
{Heap before GC invocations=190 (full 3):
 PSYoungGen      total 5632K, used 5620K [0x00000000d5580000, 0x00000000d5d00000, 0x0000000100000000)
  eden space 5120K, 100% used [0x00000000d5580000,0x00000000d5a80000,0x00000000d5a80000)
  from space 512K, 97% used [0x00000000d5c80000,0x00000000d5cfd260,0x00000000d5d00000)
  to   space 1024K, 0% used [0x00000000d5b00000,0x00000000d5b00000,0x00000000d5c00000)
 ParOldGen       total 91136K, used 90831K [0x0000000080000000, 0x0000000085900000, 0x00000000d5580000)
  object space 91136K, 99% used [0x0000000080000000,0x00000000858b3d58,0x0000000085900000)
 Metaspace       used 71161K, committed 72640K, reserved 1114112K
  class space    used 7474K, committed 8192K, reserved 1048576K
}
Event: 150.107 GC heap after
{Heap after GC invocations=190 (full 3):
 PSYoungGen      total 6144K, used 128K [0x00000000d5580000, 0x00000000d5d00000, 0x0000000100000000)
  eden space 5120K, 0% used [0x00000000d5580000,0x00000000d5580000,0x00000000d5a80000)
  from space 1024K, 12% used [0x00000000d5b00000,0x00000000d5b20000,0x00000000d5c00000)
  to   space 512K, 0% used [0x00000000d5c80000,0x00000000d5c80000,0x00000000d5d00000)
 ParOldGen       total 91136K, used 91031K [0x0000000080000000, 0x0000000085900000, 0x00000000d5580000)
  object space 91136K, 99% used [0x0000000080000000,0x00000000858e5d58,0x0000000085900000)
 Metaspace       used 71161K, committed 72640K, reserved 1114112K
  class space    used 7474K, committed 8192K, reserved 1048576K
}
Event: 150.731 GC heap before
{Heap before GC invocations=191 (full 3):
 PSYoungGen      total 6144K, used 5248K [0x00000000d5580000, 0x00000000d5d00000, 0x0000000100000000)
  eden space 5120K, 100% used [0x00000000d5580000,0x00000000d5a80000,0x00000000d5a80000)
  from space 1024K, 12% used [0x00000000d5b00000,0x00000000d5b20000,0x00000000d5c00000)
  to   space 512K, 0% used [0x00000000d5c80000,0x00000000d5c80000,0x00000000d5d00000)
 ParOldGen       total 91136K, used 91031K [0x0000000080000000, 0x0000000085900000, 0x00000000d5580000)
  object space 91136K, 99% used [0x0000000080000000,0x00000000858e5d58,0x0000000085900000)
 Metaspace       used 71189K, committed 72704K, reserved 1114112K
  class space    used 7474K, committed 8192K, reserved 1048576K
}
Event: 150.733 GC heap after
{Heap after GC invocations=191 (full 3):
 PSYoungGen      total 5632K, used 128K [0x00000000d5580000, 0x00000000d5d00000, 0x0000000100000000)
  eden space 5120K, 0% used [0x00000000d5580000,0x00000000d5580000,0x00000000d5a80000)
  from space 512K, 25% used [0x00000000d5c80000,0x00000000d5ca0000,0x00000000d5d00000)
  to   space 512K, 0% used [0x00000000d5c00000,0x00000000d5c00000,0x00000000d5c80000)
 ParOldGen       total 91136K, used 91071K [0x0000000080000000, 0x0000000085900000, 0x00000000d5580000)
  object space 91136K, 99% used [0x0000000080000000,0x00000000858efd58,0x0000000085900000)
 Metaspace       used 71189K, committed 72704K, reserved 1114112K
  class space    used 7474K, committed 8192K, reserved 1048576K
}
Event: 151.555 GC heap before
{Heap before GC invocations=192 (full 3):
 PSYoungGen      total 5632K, used 5217K [0x00000000d5580000, 0x00000000d5d00000, 0x0000000100000000)
  eden space 5120K, 99% used [0x00000000d5580000,0x00000000d5a785b0,0x00000000d5a80000)
  from space 512K, 25% used [0x00000000d5c80000,0x00000000d5ca0000,0x00000000d5d00000)
  to   space 512K, 0% used [0x00000000d5c00000,0x00000000d5c00000,0x00000000d5c80000)
 ParOldGen       total 91136K, used 91071K [0x0000000080000000, 0x0000000085900000, 0x00000000d5580000)
  object space 91136K, 99% used [0x0000000080000000,0x00000000858efd58,0x0000000085900000)
 Metaspace       used 71590K, committed 73088K, reserved 1114112K
  class space    used 7507K, committed 8192K, reserved 1048576K
}
Event: 151.558 GC heap after
{Heap after GC invocations=192 (full 3):
 PSYoungGen      total 5632K, used 502K [0x00000000d5580000, 0x00000000d5d00000, 0x0000000100000000)
  eden space 5120K, 0% used [0x00000000d5580000,0x00000000d5580000,0x00000000d5a80000)
  from space 512K, 98% used [0x00000000d5c00000,0x00000000d5c7da10,0x00000000d5c80000)
  to   space 512K, 0% used [0x00000000d5c80000,0x00000000d5c80000,0x00000000d5d00000)
 ParOldGen       total 91648K, used 91159K [0x0000000080000000, 0x0000000085980000, 0x00000000d5580000)
  object space 91648K, 99% used [0x0000000080000000,0x0000000085905d58,0x0000000085980000)
 Metaspace       used 71590K, committed 73088K, reserved 1114112K
  class space    used 7507K, committed 8192K, reserved 1048576K
}
Event: 152.016 GC heap before
{Heap before GC invocations=193 (full 3):
 PSYoungGen      total 5632K, used 5622K [0x00000000d5580000, 0x00000000d5d00000, 0x0000000100000000)
  eden space 5120K, 100% used [0x00000000d5580000,0x00000000d5a80000,0x00000000d5a80000)
  from space 512K, 98% used [0x00000000d5c00000,0x00000000d5c7da10,0x00000000d5c80000)
  to   space 512K, 0% used [0x00000000d5c80000,0x00000000d5c80000,0x00000000d5d00000)
 ParOldGen       total 91648K, used 91159K [0x0000000080000000, 0x0000000085980000, 0x00000000d5580000)
  object space 91648K, 99% used [0x0000000080000000,0x0000000085905d58,0x0000000085980000)
 Metaspace       used 72073K, committed 73536K, reserved 1179648K
  class space    used 7574K, committed 8256K, reserved 1048576K
}
Event: 152.020 GC heap after
{Heap after GC invocations=193 (full 3):
 PSYoungGen      total 5632K, used 480K [0x00000000d5580000, 0x00000000d5d00000, 0x0000000100000000)
  eden space 5120K, 0% used [0x00000000d5580000,0x00000000d5580000,0x00000000d5a80000)
  from space 512K, 93% used [0x00000000d5c80000,0x00000000d5cf8010,0x00000000d5d00000)
  to   space 1024K, 0% used [0x00000000d5b00000,0x00000000d5b00000,0x00000000d5c00000)
 ParOldGen       total 91648K, used 91503K [0x0000000080000000, 0x0000000085980000, 0x00000000d5580000)
  object space 91648K, 99% used [0x0000000080000000,0x000000008595bd88,0x0000000085980000)
 Metaspace       used 72073K, committed 73536K, reserved 1179648K
  class space    used 7574K, committed 8256K, reserved 1048576K
}
Event: 153.567 GC heap before
{Heap before GC invocations=194 (full 3):
 PSYoungGen      total 5632K, used 5600K [0x00000000d5580000, 0x00000000d5d00000, 0x0000000100000000)
  eden space 5120K, 100% used [0x00000000d5580000,0x00000000d5a80000,0x00000000d5a80000)
  from space 512K, 93% used [0x00000000d5c80000,0x00000000d5cf8010,0x00000000d5d00000)
  to   space 1024K, 0% used [0x00000000d5b00000,0x00000000d5b00000,0x00000000d5c00000)
 ParOldGen       total 91648K, used 91503K [0x0000000080000000, 0x0000000085980000, 0x00000000d5580000)
  object space 91648K, 99% used [0x0000000080000000,0x000000008595bd88,0x0000000085980000)
 Metaspace       used 72161K, committed 73664K, reserved 1179648K
  class space    used 7587K, committed 8256K, reserved 1048576K
}
Event: 153.570 GC heap after
{Heap after GC invocations=194 (full 3):
 PSYoungGen      total 6144K, used 960K [0x00000000d5580000, 0x00000000d5d00000, 0x0000000100000000)
  eden space 5120K, 0% used [0x00000000d5580000,0x00000000d5580000,0x00000000d5a80000)
  from space 1024K, 93% used [0x00000000d5b00000,0x00000000d5bf0000,0x00000000d5c00000)
  to   space 1024K, 0% used [0x00000000d5c00000,0x00000000d5c00000,0x00000000d5d00000)
 ParOldGen       total 92160K, used 91879K [0x0000000080000000, 0x0000000085a00000, 0x00000000d5580000)
  object space 92160K, 99% used [0x0000000080000000,0x00000000859b9d98,0x0000000085a00000)
 Metaspace       used 72161K, committed 73664K, reserved 1179648K
  class space    used 7587K, committed 8256K, reserved 1048576K
}

